{"C:\\Users\\Henrico\\Documents\\CRUD-Pet\\src\\controllers\\pet.js": {"path":"C:\\Users\\Henrico\\Documents\\CRUD-Pet\\src\\controllers\\pet.js","statementMap":{"0":{"start":{"line":1,"column":17},"end":{"line":1,"column":44}},"1":{"start":{"line":2,"column":16},"end":{"line":2,"column":30}},"2":{"start":{"line":7,"column":8},"end":{"line":12,"column":9}},"3":{"start":{"line":8,"column":33},"end":{"line":8,"column":49}},"4":{"start":{"line":9,"column":12},"end":{"line":9,"column":51}},"5":{"start":{"line":11,"column":12},"end":{"line":11,"column":40}},"6":{"start":{"line":16,"column":8},"end":{"line":22,"column":9}},"7":{"start":{"line":17,"column":23},"end":{"line":17,"column":50}},"8":{"start":{"line":18,"column":28},"end":{"line":18,"column":46}},"9":{"start":{"line":19,"column":12},"end":{"line":19,"column":46}},"10":{"start":{"line":21,"column":12},"end":{"line":21,"column":40}},"11":{"start":{"line":26,"column":8},"end":{"line":34,"column":9}},"12":{"start":{"line":27,"column":23},"end":{"line":27,"column":50}},"13":{"start":{"line":28,"column":31},"end":{"line":28,"column":49}},"14":{"start":{"line":29,"column":12},"end":{"line":29,"column":31}},"15":{"start":{"line":30,"column":33},"end":{"line":30,"column":49}},"16":{"start":{"line":31,"column":12},"end":{"line":31,"column":62}},"17":{"start":{"line":33,"column":12},"end":{"line":33,"column":40}},"18":{"start":{"line":38,"column":8},"end":{"line":45,"column":9}},"19":{"start":{"line":39,"column":28},"end":{"line":39,"column":41}},"20":{"start":{"line":40,"column":12},"end":{"line":40,"column":33}},"21":{"start":{"line":41,"column":33},"end":{"line":41,"column":49}},"22":{"start":{"line":42,"column":12},"end":{"line":42,"column":60}},"23":{"start":{"line":44,"column":12},"end":{"line":44,"column":40}},"24":{"start":{"line":49,"column":8},"end":{"line":57,"column":9}},"25":{"start":{"line":50,"column":23},"end":{"line":50,"column":50}},"26":{"start":{"line":51,"column":28},"end":{"line":51,"column":41}},"27":{"start":{"line":52,"column":12},"end":{"line":52,"column":40}},"28":{"start":{"line":53,"column":33},"end":{"line":53,"column":49}},"29":{"start":{"line":54,"column":12},"end":{"line":54,"column":71}},"30":{"start":{"line":56,"column":12},"end":{"line":56,"column":40}},"31":{"start":{"line":61,"column":0},"end":{"line":61,"column":31}}},"fnMap":{"0":{"name":"(anonymous_0)","decl":{"start":{"line":6,"column":4},"end":{"line":6,"column":5}},"loc":{"start":{"line":6,"column":20},"end":{"line":13,"column":5}},"line":6},"1":{"name":"(anonymous_1)","decl":{"start":{"line":15,"column":4},"end":{"line":15,"column":5}},"loc":{"start":{"line":15,"column":20},"end":{"line":23,"column":5}},"line":15},"2":{"name":"(anonymous_2)","decl":{"start":{"line":25,"column":4},"end":{"line":25,"column":5}},"loc":{"start":{"line":25,"column":20},"end":{"line":35,"column":5}},"line":25},"3":{"name":"(anonymous_3)","decl":{"start":{"line":37,"column":4},"end":{"line":37,"column":5}},"loc":{"start":{"line":37,"column":17},"end":{"line":46,"column":5}},"line":37},"4":{"name":"(anonymous_4)","decl":{"start":{"line":48,"column":4},"end":{"line":48,"column":5}},"loc":{"start":{"line":48,"column":20},"end":{"line":58,"column":5}},"line":48}},"branchMap":{},"s":{"0":1,"1":1,"2":1,"3":1,"4":1,"5":0,"6":1,"7":1,"8":1,"9":1,"10":0,"11":1,"12":1,"13":1,"14":1,"15":1,"16":1,"17":0,"18":1,"19":1,"20":1,"21":1,"22":1,"23":0,"24":1,"25":1,"26":1,"27":1,"28":1,"29":1,"30":0,"31":1},"f":{"0":1,"1":1,"2":1,"3":1,"4":1},"b":{},"_coverageSchema":"1a1c01bbd47fc00a2c39e90264f33305004495a9","hash":"5d8d46aa64774c5a2d9572fa93a6d03679ba5a78"}
,"C:\\Users\\Henrico\\Documents\\CRUD-Pet\\src\\repository\\pet.js": {"path":"C:\\Users\\Henrico\\Documents\\CRUD-Pet\\src\\repository\\pet.js","statementMap":{"0":{"start":{"line":1,"column":13},"end":{"line":1,"column":45}},"1":{"start":{"line":6,"column":0},"end":{"line":6,"column":17}},"2":{"start":{"line":10,"column":0},"end":{"line":10,"column":27}},"3":{"start":{"line":14,"column":0},"end":{"line":14,"column":32}},"4":{"start":{"line":18,"column":4},"end":{"line":18,"column":20}},"5":{"start":{"line":19,"column":4},"end":{"line":19,"column":16}},"6":{"start":{"line":23,"column":4},"end":{"line":23,"column":54}},"7":{"start":{"line":23,"column":42},"end":{"line":23,"column":54}},"8":{"start":{"line":24,"column":4},"end":{"line":24,"column":23}},"9":{"start":{"line":25,"column":4},"end":{"line":25,"column":16}},"10":{"start":{"line":29,"column":0},"end":{"line":29,"column":25}}},"fnMap":{"0":{"name":"(anonymous_0)","decl":{"start":{"line":5,"column":4},"end":{"line":5,"column":5}},"loc":{"start":{"line":5,"column":12},"end":{"line":7,"column":5}},"line":5},"1":{"name":"(anonymous_1)","decl":{"start":{"line":9,"column":4},"end":{"line":9,"column":5}},"loc":{"start":{"line":9,"column":17},"end":{"line":11,"column":5}},"line":9},"2":{"name":"(anonymous_2)","decl":{"start":{"line":13,"column":4},"end":{"line":13,"column":5}},"loc":{"start":{"line":13,"column":17},"end":{"line":15,"column":5}},"line":13},"3":{"name":"(anonymous_3)","decl":{"start":{"line":17,"column":4},"end":{"line":17,"column":5}},"loc":{"start":{"line":17,"column":13},"end":{"line":20,"column":5}},"line":17},"4":{"name":"(anonymous_4)","decl":{"start":{"line":22,"column":4},"end":{"line":22,"column":5}},"loc":{"start":{"line":22,"column":23},"end":{"line":26,"column":5}},"line":22}},"branchMap":{"0":{"loc":{"start":{"line":10,"column":7},"end":{"line":10,"column":26}},"type":"binary-expr","locations":[{"start":{"line":10,"column":7},"end":{"line":10,"column":18}},{"start":{"line":10,"column":22},"end":{"line":10,"column":26}}],"line":10},"1":{"loc":{"start":{"line":23,"column":4},"end":{"line":23,"column":54}},"type":"if","locations":[{"start":{"line":23,"column":4},"end":{"line":23,"column":54}},{"start":{},"end":{}}],"line":23},"2":{"loc":{"start":{"line":23,"column":7},"end":{"line":23,"column":40}},"type":"binary-expr","locations":[{"start":{"line":23,"column":7},"end":{"line":23,"column":16}},{"start":{"line":23,"column":20},"end":{"line":23,"column":40}}],"line":23}},"s":{"0":1,"1":4,"2":2,"3":1,"4":1,"5":1,"6":1,"7":0,"8":1,"9":1,"10":1},"f":{"0":4,"1":2,"2":1,"3":1,"4":1},"b":{"0":[2,0],"1":[0,1],"2":[1,1]},"_coverageSchema":"1a1c01bbd47fc00a2c39e90264f33305004495a9","hash":"bd2c9bab03471520dd23a38f3facdc11086b3f2e"}
,"C:\\Users\\Henrico\\Documents\\CRUD-Pet\\src\\services\\pet.js": {"path":"C:\\Users\\Henrico\\Documents\\CRUD-Pet\\src\\services\\pet.js","statementMap":{"0":{"start":{"line":1,"column":16},"end":{"line":1,"column":45}},"1":{"start":{"line":2,"column":14},"end":{"line":2,"column":27}},"2":{"start":{"line":7,"column":8},"end":{"line":7,"column":30}},"3":{"start":{"line":11,"column":8},"end":{"line":11,"column":32}},"4":{"start":{"line":15,"column":8},"end":{"line":15,"column":32}},"5":{"start":{"line":19,"column":8},"end":{"line":19,"column":31}},"6":{"start":{"line":23,"column":8},"end":{"line":23,"column":38}},"7":{"start":{"line":27,"column":0},"end":{"line":27,"column":28}}},"fnMap":{"0":{"name":"(anonymous_0)","decl":{"start":{"line":6,"column":4},"end":{"line":6,"column":5}},"loc":{"start":{"line":6,"column":12},"end":{"line":8,"column":5}},"line":6},"1":{"name":"(anonymous_1)","decl":{"start":{"line":10,"column":4},"end":{"line":10,"column":5}},"loc":{"start":{"line":10,"column":14},"end":{"line":12,"column":5}},"line":10},"2":{"name":"(anonymous_2)","decl":{"start":{"line":14,"column":4},"end":{"line":14,"column":5}},"loc":{"start":{"line":14,"column":14},"end":{"line":16,"column":5}},"line":14},"3":{"name":"(anonymous_3)","decl":{"start":{"line":18,"column":4},"end":{"line":18,"column":5}},"loc":{"start":{"line":18,"column":13},"end":{"line":20,"column":5}},"line":18},"4":{"name":"(anonymous_4)","decl":{"start":{"line":22,"column":4},"end":{"line":22,"column":5}},"loc":{"start":{"line":22,"column":20},"end":{"line":24,"column":5}},"line":22}},"branchMap":{},"s":{"0":1,"1":1,"2":4,"3":2,"4":1,"5":1,"6":1,"7":1},"f":{"0":4,"1":2,"2":1,"3":1,"4":1},"b":{},"_coverageSchema":"1a1c01bbd47fc00a2c39e90264f33305004495a9","hash":"b67d35d36ad55adf9f7d92b9db0e8493aa08e1a3"}
}
