TN:
SF:src\controllers\controllerPet.js
FN:5,(anonymous_0)
FN:14,(anonymous_1)
FN:24,(anonymous_2)
FN:34,(anonymous_3)
FN:44,(anonymous_4)
FNF:5
FNH:5
FNDA:1,(anonymous_0)
FNDA:1,(anonymous_1)
FNDA:1,(anonymous_2)
FNDA:1,(anonymous_3)
FNDA:1,(anonymous_4)
DA:1,1
DA:6,1
DA:7,1
DA:8,1
DA:10,0
DA:15,1
DA:16,1
DA:17,1
DA:18,1
DA:20,0
DA:25,1
DA:26,1
DA:27,1
DA:28,1
DA:30,0
DA:35,1
DA:36,1
DA:37,1
DA:38,1
DA:40,0
DA:45,1
DA:46,1
DA:47,1
DA:48,1
DA:49,1
DA:50,1
DA:52,0
DA:57,1
LF:28
LH:23
BRF:0
BRH:0
end_of_record
TN:
SF:src\repository\database.js
FN:4,(anonymous_0)
FN:8,(anonymous_1)
FNF:2
FNH:2
FNDA:1,(anonymous_0)
FNDA:1,(anonymous_1)
DA:1,1
DA:5,1
DA:9,1
DA:19,1
LF:4
LH:4
BRF:0
BRH:0
end_of_record
TN:
SF:src\repository\repoPet.js
FN:4,(anonymous_0)
FNF:1
FNH:1
FNDA:1,(anonymous_0)
DA:1,1
DA:5,1
DA:29,1
LF:3
LH:3
BRF:0
BRH:0
end_of_record
TN:
SF:src\services\ServicePet.js
FN:6,(anonymous_0)
FN:10,(anonymous_1)
FN:14,(anonymous_2)
FN:20,(anonymous_3)
FN:24,(anonymous_4)
FNF:5
FNH:5
FNDA:1,(anonymous_0)
FNDA:2,(anonymous_1)
FNDA:1,(anonymous_2)
FNDA:1,(anonymous_3)
FNDA:1,(anonymous_4)
DA:1,1
DA:2,1
DA:7,1
DA:11,2
DA:15,1
DA:21,1
DA:25,1
DA:29,1
LF:8
LH:8
BRF:0
BRH:0
end_of_record
